  imgui.cpp
  imgui_demo.cpp
  imgui_draw.cpp
  imgui_impl_glfw.cpp
  imgui_impl_opengl3.cpp
  imgui_tables.cpp
  imgui_widgets.cpp
  main.cpp
C:\Users\kowal\OneDrive\清大上課用總資料夾\大二上\繪圖程式設計\homework\Final作業\GPA_2022_final_framework\Rendering_Framework\src\terrain\MyTerrainData.h(104,10): warning C4244: '正在初始化': 將 'float' 轉換為 'int'，由於類型不同，可能導致資料遺失
C:\Users\kowal\OneDrive\清大上課用總資料夾\大二上\繪圖程式設計\homework\Final作業\GPA_2022_final_framework\Rendering_Framework\main.cpp(1187,91): warning C4244: '引數': 將 'double' 轉換為 'const int'，由於類型不同，可能導致資料遺失
C:\Users\kowal\OneDrive\清大上課用總資料夾\大二上\繪圖程式設計\homework\Final作業\GPA_2022_final_framework\Rendering_Framework\main.cpp(1187,77): warning C4244: '引數': 將 'double' 轉換為 'const int'，由於類型不同，可能導致資料遺失
C:\Users\kowal\OneDrive\清大上課用總資料夾\大二上\繪圖程式設計\homework\Final作業\GPA_2022_final_framework\Rendering_Framework\main.cpp(1190,93): warning C4244: '引數': 將 'double' 轉換為 'const int'，由於類型不同，可能導致資料遺失
C:\Users\kowal\OneDrive\清大上課用總資料夾\大二上\繪圖程式設計\homework\Final作業\GPA_2022_final_framework\Rendering_Framework\main.cpp(1190,79): warning C4244: '引數': 將 'double' 轉換為 'const int'，由於類型不同，可能導致資料遺失
C:\Users\kowal\OneDrive\清大上課用總資料夾\大二上\繪圖程式設計\homework\Final作業\GPA_2022_final_framework\Rendering_Framework\main.cpp(1193,92): warning C4244: '引數': 將 'double' 轉換為 'const int'，由於類型不同，可能導致資料遺失
C:\Users\kowal\OneDrive\清大上課用總資料夾\大二上\繪圖程式設計\homework\Final作業\GPA_2022_final_framework\Rendering_Framework\main.cpp(1193,78): warning C4244: '引數': 將 'double' 轉換為 'const int'，由於類型不同，可能導致資料遺失
C:\Users\kowal\OneDrive\清大上課用總資料夾\大二上\繪圖程式設計\homework\Final作業\GPA_2022_final_framework\Rendering_Framework\main.cpp(1196,94): warning C4244: '引數': 將 'double' 轉換為 'const int'，由於類型不同，可能導致資料遺失
C:\Users\kowal\OneDrive\清大上課用總資料夾\大二上\繪圖程式設計\homework\Final作業\GPA_2022_final_framework\Rendering_Framework\main.cpp(1196,80): warning C4244: '引數': 將 'double' 轉換為 'const int'，由於類型不同，可能導致資料遺失
C:\Users\kowal\OneDrive\清大上課用總資料夾\大二上\繪圖程式設計\homework\Final作業\GPA_2022_final_framework\Rendering_Framework\main.cpp(1203,34): warning C4244: '引數': 將 'double' 轉換為 'const int'，由於類型不同，可能導致資料遺失
C:\Users\kowal\OneDrive\清大上課用總資料夾\大二上\繪圖程式設計\homework\Final作業\GPA_2022_final_framework\Rendering_Framework\main.cpp(1203,31): warning C4244: '引數': 將 'double' 轉換為 'const int'，由於類型不同，可能導致資料遺失
C:\Users\kowal\OneDrive\清大上課用總資料夾\大二上\繪圖程式設計\homework\Final作業\GPA_2022_final_framework\Rendering_Framework\main.cpp(1268,77): warning C4305: '引數': 從 'double' 轉換為 'const float'，是由較大的類型轉換為較小的類型，可能導致資料遺失
C:\Users\kowal\OneDrive\清大上課用總資料夾\大二上\繪圖程式設計\homework\Final作業\GPA_2022_final_framework\Rendering_Framework\main.cpp(1271,36): warning C4267: '正在初始化': 將 'size_t' 轉換為 'int'，資料可能遺失
C:\Users\kowal\OneDrive\清大上課用總資料夾\大二上\繪圖程式設計\homework\Final作業\GPA_2022_final_framework\Rendering_Framework\main.cpp(1271,36): warning C4267: '正在初始化': 將 'size_t' 轉換為 'const int'，資料可能遺失
  MyCamera.cpp
C:\Users\kowal\OneDrive\清大上課用總資料夾\大二上\繪圖程式設計\homework\Final作業\GPA_2022_final_framework\Rendering_Framework\src\camera\MyCamera.cpp(6,143): warning C4305: '正在初始化': 從 'double' 轉換為 'const float'，是由較大的類型轉換為較小的類型，可能導致資料遺失
C:\Users\kowal\OneDrive\清大上課用總資料夾\大二上\繪圖程式設計\homework\Final作業\GPA_2022_final_framework\Rendering_Framework\src\camera\MyCamera.cpp(9,42): warning C4305: '正在初始化': 從 'double' 轉換為 'const float'，是由較大的類型轉換為較小的類型，可能導致資料遺失
  MyOrbitControl.cpp
C:\Users\kowal\OneDrive\清大上課用總資料夾\大二上\繪圖程式設計\homework\Final作業\GPA_2022_final_framework\Rendering_Framework\src\camera\MyOrbitControl.cpp(55,28): warning C4305: '正在初始化': 從 'double' 轉換為 'float'，是由較大的類型轉換為較小的類型，可能導致資料遺失
C:\Users\kowal\OneDrive\清大上課用總資料夾\大二上\繪圖程式設計\homework\Final作業\GPA_2022_final_framework\Rendering_Framework\src\camera\MyOrbitControl.cpp(118,25): warning C4244: '=': 將 'double' 轉換為 'float'，由於類型不同，可能導致資料遺失
C:\Users\kowal\OneDrive\清大上課用總資料夾\大二上\繪圖程式設計\homework\Final作業\GPA_2022_final_framework\Rendering_Framework\src\camera\MyOrbitControl.cpp(119,26): warning C4244: '=': 將 'double' 轉換為 'float'，由於類型不同，可能導致資料遺失
C:\Users\kowal\OneDrive\清大上課用總資料夾\大二上\繪圖程式設計\homework\Final作業\GPA_2022_final_framework\Rendering_Framework\src\camera\MyOrbitControl.cpp(171,38): warning C4244: '引數': 將 'double' 轉換為 'const float'，由於類型不同，可能導致資料遺失
C:\Users\kowal\OneDrive\清大上課用總資料夾\大二上\繪圖程式設計\homework\Final作業\GPA_2022_final_framework\Rendering_Framework\src\camera\MyOrbitControl.cpp(174,39): warning C4244: '引數': 將 'double' 轉換為 'const float'，由於類型不同，可能導致資料遺失
  DynamicSceneObject.cpp
C:\Users\kowal\OneDrive\清大上課用總資料夾\大二上\繪圖程式設計\homework\Final作業\GPA_2022_final_framework\Rendering_Framework\src\DynamicSceneObject.cpp(37,118): warning C4312: '類型轉換': 將 'int' 轉換為較大的 'void *'
C:\Users\kowal\OneDrive\清大上課用總資料夾\大二上\繪圖程式設計\homework\Final作業\GPA_2022_final_framework\Rendering_Framework\src\DynamicSceneObject.cpp(41,119): warning C4312: '類型轉換': 將 'int' 轉換為較大的 'void *'
C:\Users\kowal\OneDrive\清大上課用總資料夾\大二上\繪圖程式設計\homework\Final作業\GPA_2022_final_framework\Rendering_Framework\src\DynamicSceneObject.cpp(46,115): warning C4312: '類型轉換': 將 'int' 轉換為較大的 'void *'
  MyCameraManager.cpp
C:\Users\kowal\OneDrive\清大上課用總資料夾\大二上\繪圖程式設計\homework\Final作業\GPA_2022_final_framework\Rendering_Framework\src\MyCameraManager.cpp(19,40): warning C4305: '=': 從 'double' 轉換為 'float'，是由較大的類型轉換為較小的類型，可能導致資料遺失
C:\Users\kowal\OneDrive\清大上課用總資料夾\大二上\繪圖程式設計\homework\Final作業\GPA_2022_final_framework\Rendering_Framework\src\MyCameraManager.cpp(46,43): warning C4244: '引數': 將 'const int' 轉換為 'const float'，由於類型不同，可能導致資料遺失
C:\Users\kowal\OneDrive\清大上課用總資料夾\大二上\繪圖程式設計\homework\Final作業\GPA_2022_final_framework\Rendering_Framework\src\MyCameraManager.cpp(46,40): warning C4244: '引數': 將 'const int' 轉換為 'const float'，由於類型不同，可能導致資料遺失
C:\Users\kowal\OneDrive\清大上課用總資料夾\大二上\繪圖程式設計\homework\Final作業\GPA_2022_final_framework\Rendering_Framework\src\MyCameraManager.cpp(50,43): warning C4244: '引數': 將 'const int' 轉換為 'const float'，由於類型不同，可能導致資料遺失
C:\Users\kowal\OneDrive\清大上課用總資料夾\大二上\繪圖程式設計\homework\Final作業\GPA_2022_final_framework\Rendering_Framework\src\MyCameraManager.cpp(50,40): warning C4244: '引數': 將 'const int' 轉換為 'const float'，由於類型不同，可能導致資料遺失
C:\Users\kowal\OneDrive\清大上課用總資料夾\大二上\繪圖程式設計\homework\Final作業\GPA_2022_final_framework\Rendering_Framework\src\MyCameraManager.cpp(55,45): warning C4244: '引數': 將 'const int' 轉換為 'const float'，由於類型不同，可能導致資料遺失
C:\Users\kowal\OneDrive\清大上課用總資料夾\大二上\繪圖程式設計\homework\Final作業\GPA_2022_final_framework\Rendering_Framework\src\MyCameraManager.cpp(55,42): warning C4244: '引數': 將 'const int' 轉換為 'const float'，由於類型不同，可能導致資料遺失
C:\Users\kowal\OneDrive\清大上課用總資料夾\大二上\繪圖程式設計\homework\Final作業\GPA_2022_final_framework\Rendering_Framework\src\MyCameraManager.cpp(58,45): warning C4244: '引數': 將 'const int' 轉換為 'const float'，由於類型不同，可能導致資料遺失
C:\Users\kowal\OneDrive\清大上課用總資料夾\大二上\繪圖程式設計\homework\Final作業\GPA_2022_final_framework\Rendering_Framework\src\MyCameraManager.cpp(58,42): warning C4244: '引數': 將 'const int' 轉換為 'const float'，由於類型不同，可能導致資料遺失
C:\Users\kowal\OneDrive\清大上課用總資料夾\大二上\繪圖程式設計\homework\Final作業\GPA_2022_final_framework\Rendering_Framework\src\MyCameraManager.cpp(62,41): warning C4244: '引數': 將 'const int' 轉換為 'const float'，由於類型不同，可能導致資料遺失
C:\Users\kowal\OneDrive\清大上課用總資料夾\大二上\繪圖程式設計\homework\Final作業\GPA_2022_final_framework\Rendering_Framework\src\MyCameraManager.cpp(62,38): warning C4244: '引數': 將 'const int' 轉換為 'const float'，由於類型不同，可能導致資料遺失
C:\Users\kowal\OneDrive\清大上課用總資料夾\大二上\繪圖程式設計\homework\Final作業\GPA_2022_final_framework\Rendering_Framework\src\MyCameraManager.cpp(65,40): warning C4244: '引數': 將 'const double' 轉換為 'const float'，由於類型不同，可能導致資料遺失
C:\Users\kowal\OneDrive\清大上課用總資料夾\大二上\繪圖程式設計\homework\Final作業\GPA_2022_final_framework\Rendering_Framework\src\MyCameraManager.cpp(81,41): warning C4305: '=': 從 'double' 轉換為 'float'，是由較大的類型轉換為較小的類型，可能導致資料遺失
C:\Users\kowal\OneDrive\清大上課用總資料夾\大二上\繪圖程式設計\homework\Final作業\GPA_2022_final_framework\Rendering_Framework\src\MyCameraManager.cpp(84,42): warning C4305: '=': 從 'double' 轉換為 'float'，是由較大的類型轉換為較小的類型，可能導致資料遺失
C:\Users\kowal\OneDrive\清大上課用總資料夾\大二上\繪圖程式設計\homework\Final作業\GPA_2022_final_framework\Rendering_Framework\src\MyCameraManager.cpp(124,66): warning C4305: '引數': 從 'double' 轉換為 'const float'，是由較大的類型轉換為較小的類型，可能導致資料遺失
C:\Users\kowal\OneDrive\清大上課用總資料夾\大二上\繪圖程式設計\homework\Final作業\GPA_2022_final_framework\Rendering_Framework\src\MyCameraManager.cpp(127,67): warning C4305: '引數': 從 'double' 轉換為 'const float'，是由較大的類型轉換為較小的類型，可能導致資料遺失
C:\Users\kowal\OneDrive\清大上課用總資料夾\大二上\繪圖程式設計\homework\Final作業\GPA_2022_final_framework\Rendering_Framework\src\MyCameraManager.cpp(176,32): warning C4244: '=': 將 'double' 轉換為 'T'，由於類型不同，可能導致資料遺失
          with
          [
              T=int
          ]
C:\Users\kowal\OneDrive\清大上課用總資料夾\大二上\繪圖程式設計\homework\Final作業\GPA_2022_final_framework\Rendering_Framework\src\MyCameraManager.cpp(220,61): warning C4305: 'return': 從 'double' 轉換為 'float'，是由較大的類型轉換為較小的類型，可能導致資料遺失
  MyImGuiPanel.cpp
  SceneRenderer.cpp
  Shader.cpp
  MyTerrain.cpp
C:\Users\kowal\OneDrive\清大上課用總資料夾\大二上\繪圖程式設計\homework\Final作業\GPA_2022_final_framework\Rendering_Framework\src\terrain\MyTerrainData.h(104,10): warning C4244: '正在初始化': 將 'float' 轉換為 'int'，由於類型不同，可能導致資料遺失
  TerrainSceneObject.cpp
C:\Users\kowal\OneDrive\清大上課用總資料夾\大二上\繪圖程式設計\homework\Final作業\GPA_2022_final_framework\Rendering_Framework\src\terrain\TerrainSceneObject.cpp(68,92): warning C4312: '類型轉換': 將 'int' 轉換為較大的 'GLvoid *'
  ViewFrustumSceneObject.cpp
C:\Users\kowal\OneDrive\清大上課用總資料夾\大二上\繪圖程式設計\homework\Final作業\GPA_2022_final_framework\Rendering_Framework\src\ViewFrustumSceneObject.cpp(26,29): warning C4018: '<': signed/unsigned 不相符
C:\Users\kowal\OneDrive\清大上課用總資料夾\大二上\繪圖程式設計\homework\Final作業\GPA_2022_final_framework\Rendering_Framework\src\ViewFrustumSceneObject.cpp(31,9): warning C4018: '<': signed/unsigned 不相符
  glad.c
  正在產生程式碼
  Previous IPDB not found, fall back to full compilation.
  All 2643 functions were compiled because no usable IPDB/IOBJ from previous compilation was found.
  已完成程式碼產生
  Rendering_Framework.vcxproj -> C:\Users\kowal\OneDrive\清大上課用總資料夾\大二上\繪圖程式設計\homework\Final作業\GPA_2022_final_framework\x64\Release\Rendering_Framework.exe
